2017-08-25 16:00:29,198 - Log4JLogChute initialized using file 'velocity.log'
2017-08-25 16:00:29,199 - Initializing Velocity, Calling init()...
2017-08-25 16:00:29,199 - Starting Apache Velocity v1.7 (compiled: 2010-11-19 12:14:37)
2017-08-25 16:00:29,199 - Default Properties File: org\apache\velocity\runtime\defaults\velocity.properties
2017-08-25 16:00:29,199 - Trying to use logger class org.apache.velocity.runtime.log.AvalonLogChute
2017-08-25 16:00:29,199 - Target log system for org.apache.velocity.runtime.log.AvalonLogChute is not available (java.lang.NoClassDefFoundError: org/apache/log/format/Formatter).  Falling back to next log system...
2017-08-25 16:00:29,199 - Trying to use logger class org.apache.velocity.runtime.log.Log4JLogChute
2017-08-25 16:00:29,199 - Using logger class org.apache.velocity.runtime.log.Log4JLogChute
2017-08-25 16:00:29,202 - ResourceLoader instantiated: org.apache.velocity.runtime.resource.loader.ClasspathResourceLoader
2017-08-25 16:00:29,207 - ResourceCache: initialized (class org.apache.velocity.runtime.resource.ResourceCacheImpl) with class java.util.Collections$SynchronizedMap cache map.
2017-08-25 16:00:29,208 - Loaded System Directive: org.apache.velocity.runtime.directive.Stop
2017-08-25 16:00:29,209 - Loaded System Directive: org.apache.velocity.runtime.directive.Define
2017-08-25 16:00:29,210 - Loaded System Directive: org.apache.velocity.runtime.directive.Break
2017-08-25 16:00:29,211 - Loaded System Directive: org.apache.velocity.runtime.directive.Evaluate
2017-08-25 16:00:29,211 - Loaded System Directive: org.apache.velocity.runtime.directive.Literal
2017-08-25 16:00:29,212 - Loaded System Directive: org.apache.velocity.runtime.directive.Macro
2017-08-25 16:00:29,213 - Loaded System Directive: org.apache.velocity.runtime.directive.Parse
2017-08-25 16:00:29,214 - Loaded System Directive: org.apache.velocity.runtime.directive.Include
2017-08-25 16:00:29,214 - Loaded System Directive: org.apache.velocity.runtime.directive.Foreach
2017-08-25 16:00:29,230 - Created '20' parsers.
2017-08-25 16:00:29,235 - Velocimacro : "velocimacro.library" is not set.  Trying default library: VM_global_library.vm
2017-08-25 16:00:29,235 - Could not load resource 'VM_global_library.vm' from ResourceLoader org.apache.velocity.runtime.resource.loader.ClasspathResourceLoader: ClasspathResourceLoader Error: cannot find resource VM_global_library.vm
2017-08-25 16:00:29,235 - Velocimacro : Default library not found.
2017-08-25 16:00:29,235 - Velocimacro : allowInline = true : VMs can be defined inline in templates
2017-08-25 16:00:29,235 - Velocimacro : allowInlineToOverride = false : VMs defined inline may NOT replace previous VM definitions
2017-08-25 16:00:29,235 - Velocimacro : allowInlineLocal = false : VMs defined inline will be global in scope if allowed.
2017-08-25 16:00:29,236 - Velocimacro : autoload off : VM system will not automatically reload global library macros
2017-08-25 16:00:29,245 - ResourceManager : found template/Entity.java.vm with loader org.apache.velocity.runtime.resource.loader.ClasspathResourceLoader
2017-08-25 16:00:29,263 - ResourceManager : found template/Dao.java.vm with loader org.apache.velocity.runtime.resource.loader.ClasspathResourceLoader
2017-08-25 16:00:29,280 - ResourceManager : found template/Dao.xml.vm with loader org.apache.velocity.runtime.resource.loader.ClasspathResourceLoader
2017-08-25 16:00:29,314 - Null reference [template 'template/Dao.xml.vm', line 33, column 26] : ${sidx} cannot be resolved.
2017-08-25 16:00:29,314 - Null reference [template 'template/Dao.xml.vm', line 33, column 34] : ${order} cannot be resolved.
2017-08-25 16:00:29,316 - ResourceManager : found template/Service.java.vm with loader org.apache.velocity.runtime.resource.loader.ClasspathResourceLoader
2017-08-25 16:00:29,318 - ResourceManager : found template/ServiceImpl.java.vm with loader org.apache.velocity.runtime.resource.loader.ClasspathResourceLoader
2017-08-25 16:00:29,368 - ResourceManager : found template/Controller.java.vm with loader org.apache.velocity.runtime.resource.loader.ClasspathResourceLoader
2017-08-25 16:00:29,388 - ResourceManager : found template/list.html.vm with loader org.apache.velocity.runtime.resource.loader.ClasspathResourceLoader
2017-08-25 16:00:29,422 - ResourceManager : found template/list.js.vm with loader org.apache.velocity.runtime.resource.loader.ClasspathResourceLoader
2017-08-25 16:00:29,428 - ResourceManager : found template/menu.sql.vm with loader org.apache.velocity.runtime.resource.loader.ClasspathResourceLoader
